# JRE version: Java(TM) SE Runtime Environment (8.0_112-b15) (build 1.8.0_112-b15)
# Java VM: Java HotSpot(TM) 64-Bit Server VM (25.112-b15 mixed mode linux-amd64 compressed oops)
Heap:
 PSYoungGen      total 3187712K, used 1490037K [0x00000006eab00000, 0x00000007bee00000, 0x00000007c0000000)
  eden space 2919424K, 50% used [0x00000006eab00000,0x00000007445863e0,0x000000079ce00000)
  from space 268288K, 7% used [0x00000007ae800000,0x00000007afc97388,0x00000007bee00000)
  to   space 278528K, 0% used [0x000000079ce00000,0x000000079ce00000,0x00000007ade00000)
 ParOldGen       total 2372608K, used 1080741K [0x0000000540000000, 0x00000005d0d00000, 0x00000006eab00000)
  object space 2372608K, 45% used [0x0000000540000000,0x0000000581f69738,0x00000005d0d00000)
 Metaspace       used 105227K, capacity 106898K, committed 107288K, reserved 1142784K
  class space    used 13880K, capacity 14300K, committed 14384K, reserved 1048576K
GC Heap History (10 events):
Event: 106215.591 GC heap before
{Heap before GC invocations=160 (full 62):
 PSYoungGen      total 2929152K, used 134842K [0x00000006eab00000, 0x00000007c0000000, 0x00000007c0000000)
  eden space 2928640K, 4% used [0x00000006eab00000,0x00000006f2eae820,0x000000079d700000)
  from space 512K, 0% used [0x000000079d700000,0x000000079d700000,0x000000079d780000)
  to   space 287744K, 0% used [0x00000007ae700000,0x00000007ae700000,0x00000007c0000000)
 ParOldGen       total 2372608K, used 1082500K [0x0000000540000000, 0x00000005d0d00000, 0x00000006eab00000)
  object space 2372608K, 45% used [0x0000000540000000,0x00000005821210a0,0x00000005d0d00000)
 Metaspace       used 105254K, capacity 107030K, committed 107288K, reserved 1142784K
  class space    used 13892K, capacity 14321K, committed 14384K, reserved 1048576K
Event: 106215.607 GC heap after
Heap after GC invocations=160 (full 62):
 PSYoungGen      total 3205120K, used 64K [0x00000006eab00000, 0x00000007c0000000, 0x00000007c0000000)
  eden space 2917376K, 0% used [0x00000006eab00000,0x00000006eab00000,0x000000079cc00000)
  from space 287744K, 0% used [0x00000007ae700000,0x00000007ae710000,0x00000007c0000000)
  to   space 288768K, 0% used [0x000000079cc00000,0x000000079cc00000,0x00000007ae600000)
 ParOldGen       total 2372608K, used 1082500K [0x0000000540000000, 0x00000005d0d00000, 0x00000006eab00000)
  object space 2372608K, 45% used [0x0000000540000000,0x00000005821210a0,0x00000005d0d00000)
 Metaspace       used 105254K, capacity 107030K, committed 107288K, reserved 1142784K
  class space    used 13892K, capacity 14321K, committed 14384K, reserved 1048576K
}
Event: 106215.607 GC heap before
{Heap before GC invocations=161 (full 63):
 PSYoungGen      total 3205120K, used 64K [0x00000006eab00000, 0x00000007c0000000, 0x00000007c0000000)
  eden space 2917376K, 0% used [0x00000006eab00000,0x00000006eab00000,0x000000079cc00000)
  from space 287744K, 0% used [0x00000007ae700000,0x00000007ae710000,0x00000007c0000000)
  to   space 288768K, 0% used [0x000000079cc00000,0x000000079cc00000,0x00000007ae600000)
 ParOldGen       total 2372608K, used 1082500K [0x0000000540000000, 0x00000005d0d00000, 0x00000006eab00000)
  object space 2372608K, 45% used [0x0000000540000000,0x00000005821210a0,0x00000005d0d00000)
 Metaspace       used 105254K, capacity 107030K, committed 107288K, reserved 1142784K
  class space    used 13892K, capacity 14321K, committed 14384K, reserved 1048576K
Event: 106219.734 GC heap after
Heap after GC invocations=161 (full 63):
 PSYoungGen      total 3205120K, used 0K [0x00000006eab00000, 0x00000007c0000000, 0x00000007c0000000)
  eden space 2917376K, 0% used [0x00000006eab00000,0x00000006eab00000,0x000000079cc00000)
  from space 287744K, 0% used [0x00000007ae700000,0x00000007ae700000,0x00000007c0000000)
  to   space 288768K, 0% used [0x000000079cc00000,0x000000079cc00000,0x00000007ae600000)
 ParOldGen       total 2372608K, used 1081970K [0x0000000540000000, 0x00000005d0d00000, 0x00000006eab00000)
  object space 2372608K, 45% used [0x0000000540000000,0x000000058209c8b8,0x00000005d0d00000)
 Metaspace       used 105102K, capacity 106784K, committed 107288K, reserved 1142784K
  class space    used 13870K, capacity 14280K, committed 14384K, reserved 1048576K
}
Event: 108015.593 GC heap before
{Heap before GC invocations=162 (full 63):
 PSYoungGen      total 3205120K, used 134139K [0x00000006eab00000, 0x00000007c0000000, 0x00000007c0000000)
  eden space 2917376K, 4% used [0x00000006eab00000,0x00000006f2dfefa8,0x000000079cc00000)
  from space 287744K, 0% used [0x00000007ae700000,0x00000007ae700000,0x00000007c0000000)
  to   space 288768K, 0% used [0x000000079cc00000,0x000000079cc00000,0x00000007ae600000)
 ParOldGen       total 2372608K, used 1081970K [0x0000000540000000, 0x00000005d0d00000, 0x00000006eab00000)
  object space 2372608K, 45% used [0x0000000540000000,0x000000058209c8b8,0x00000005d0d00000)
 Metaspace       used 105102K, capacity 106784K, committed 107288K, reserved 1142784K
  class space    used 13870K, capacity 14280K, committed 14384K, reserved 1048576K
Event: 108015.606 GC heap after
Heap after GC invocations=162 (full 63):
 PSYoungGen      total 3206144K, used 128K [0x00000006eab00000, 0x00000007c0000000, 0x00000007c0000000)
  eden space 2917376K, 0% used [0x00000006eab00000,0x00000006eab00000,0x000000079cc00000)
  from space 288768K, 0% used [0x000000079cc00000,0x000000079cc20000,0x00000007ae600000)
  to   space 286720K, 0% used [0x00000007ae800000,0x00000007ae800000,0x00000007c0000000)
 ParOldGen       total 2372608K, used 1081970K [0x0000000540000000, 0x00000005d0d00000, 0x00000006eab00000)
  object space 2372608K, 45% used [0x0000000540000000,0x000000058209c8b8,0x00000005d0d00000)
 Metaspace       used 105102K, capacity 106784K, committed 107288K, reserved 1142784K
  class space    used 13870K, capacity 14280K, committed 14384K, reserved 1048576K
}
Event: 108015.606 GC heap before
{Heap before GC invocations=163 (full 64):
 PSYoungGen      total 3206144K, used 128K [0x00000006eab00000, 0x00000007c0000000, 0x00000007c0000000)
  eden space 2917376K, 0% used [0x00000006eab00000,0x00000006eab00000,0x000000079cc00000)
  from space 288768K, 0% used [0x000000079cc00000,0x000000079cc20000,0x00000007ae600000)
  to   space 286720K, 0% used [0x00000007ae800000,0x00000007ae800000,0x00000007c0000000)
 ParOldGen       total 2372608K, used 1081970K [0x0000000540000000, 0x00000005d0d00000, 0x00000006eab00000)
  object space 2372608K, 45% used [0x0000000540000000,0x000000058209c8b8,0x00000005d0d00000)
 Metaspace       used 105102K, capacity 106784K, committed 107288K, reserved 1142784K
  class space    used 13870K, capacity 14280K, committed 14384K, reserved 1048576K
Event: 108018.641 GC heap after
Heap after GC invocations=163 (full 64):
 PSYoungGen      total 3206144K, used 0K [0x00000006eab00000, 0x00000007c0000000, 0x00000007c0000000)
  eden space 2917376K, 0% used [0x00000006eab00000,0x00000006eab00000,0x000000079cc00000)
  from space 288768K, 0% used [0x000000079cc00000,0x000000079cc00000,0x00000007ae600000)
  to   space 286720K, 0% used [0x00000007ae800000,0x00000007ae800000,0x00000007c0000000)
 ParOldGen       total 2372608K, used 1080733K [0x0000000540000000, 0x00000005d0d00000, 0x00000006eab00000)
  object space 2372608K, 45% used [0x0000000540000000,0x0000000581f67738,0x00000005d0d00000)
 Metaspace       used 104945K, capacity 106520K, committed 107288K, reserved 1142784K
  class space    used 13845K, capacity 14236K, committed 14384K, reserved 1048576K
}
Event: 108618.052 GC heap before
{Heap before GC invocations=164 (full 64):
 PSYoungGen      total 3206144K, used 2917376K [0x00000006eab00000, 0x00000007c0000000, 0x00000007c0000000)
  eden space 2917376K, 100% used [0x00000006eab00000,0x000000079cc00000,0x000000079cc00000)
  from space 288768K, 0% used [0x000000079cc00000,0x000000079cc00000,0x00000007ae600000)
  to   space 286720K, 0% used [0x00000007ae800000,0x00000007ae800000,0x00000007c0000000)
 ParOldGen       total 2372608K, used 1080733K [0x0000000540000000, 0x00000005d0d00000, 0x00000006eab00000)
  object space 2372608K, 45% used [0x0000000540000000,0x0000000581f67738,0x00000005d0d00000)
 Metaspace       used 105207K, capacity 106874K, committed 107288K, reserved 1142784K
  class space    used 13878K, capacity 14295K, committed 14384K, reserved 1048576K
Event: 108618.104 GC heap after
Heap after GC invocations=164 (full 64):
 PSYoungGen      total 3187712K, used 21084K [0x00000006eab00000, 0x00000007bee00000, 0x00000007c0000000)
  eden space 2919424K, 0% used [0x00000006eab00000,0x00000006eab00000,0x000000079ce00000)
  from space 268288K, 7% used [0x00000007ae800000,0x00000007afc97388,0x00000007bee00000)
  to   space 278528K, 0% used [0x000000079ce00000,0x000000079ce00000,0x00000007ade00000)
 ParOldGen       total 2372608K, used 1080741K [0x0000000540000000, 0x00000005d0d00000, 0x00000006eab00000)
  object space 2372608K, 45% used [0x0000000540000000,0x0000000581f69738,0x00000005d0d00000)
 Metaspace       used 105207K, capacity 106874K, committed 107288K, reserved 1142784K
  class space    used 13878K, capacity 14295K, committed 14384K, reserved 1048576K
}

